<?xml version="1.0" encoding="UTF-8"?>
<!-- Generated by org.testng.reporters.JUnitReportReporter -->
<testsuite hostname="LAPTOP-F5QH9J9V" failures="0" tests="2" name="Test.ExtentReportDemowithTestNG" time="3.422" errors="0" timestamp="2021-11-03T21:10:30 IST" skipped="0">
  <testcase classname="Test.ExtentReportDemowithTestNG" name="Test2" time="0.008"/>
  <system-out/>
  <testcase classname="Test.ExtentReportDemowithTestNG" name="Test1" time="3.414"/>
  <system-out/>
</testsuite> <!-- Test.ExtentReportDemowithTestNG -->
